{"name": "test_select_cars[chrome-Toyota-Toyota Carss]", "status": "failed", "statusDetails": {"message": "AssertionError: Not on the correct page as the title is not matching\nassert 'Toyota Cars' == 'Toyota Carss'\n  \n  - Toyota Carss\n  ?            -\n  + Toyota Cars", "trace": "self = <test_cases.car_model_test.Test_CarWale object at 0x109623020>\npage = <Page url='https://www.carwale.com/toyota-cars/'>\ncarBrand = 'Toyota', carTitle = 'Toyota Carss'\n\n    @allure.feature(\"Select Cars Test\")\n    @allure.severity(allure.severity_level.CRITICAL)\n    @pytest.mark.parametrize(\"carBrand,carTitle\",data_provider_excels_json.get_data(\"NewCarsTest\"))\n    def test_select_cars(self,page,carBrand,carTitle):\n        with allure.step(\"*****Executing Select Cars Test*****\"):\n            home = HomePage(page)\n            car = CarBase(page)\n    \n            print(f\"Car brand is {carBrand}\")\n            if carBrand == \"BMW\":\n                home.find_new_cars().go_to_BMW()\n            elif carBrand == \"MG\":\n                home.find_new_cars().go_to_MG()\n            elif carBrand == \"Honda\":\n                home.find_new_cars().go_to_honda()\n            elif carBrand == \"Toyota\":\n                home.find_new_cars().go_to_toyota()\n    \n            title = car.get_title()\n            print(f\"Car Title is {title}\")\n>           assert title == carTitle, \"Not on the correct page as the title is not matching\"\nE           AssertionError: Not on the correct page as the title is not matching\nE           assert 'Toyota Cars' == 'Toyota Carss'\nE             \nE             - Toyota Carss\nE             ?            -\nE             + Toyota Cars\n\ntest_cases/car_model_test.py:45: AssertionError"}, "steps": [{"name": "*****Executing Select Cars Test*****", "status": "failed", "statusDetails": {"message": "AssertionError: Not on the correct page as the title is not matching\nassert 'Toyota Cars' == 'Toyota Carss'\n  \n  - Toyota Carss\n  ?            -\n  + Toyota Cars\n", "trace": "  File \"/Users/sankar_admin/python_test_env/python_playwright_hybrid_automation/playwright_python_hybrid_automation/test_cases/car_model_test.py\", line 45, in test_select_cars\n    assert title == carTitle, \"Not on the correct page as the title is not matching\"\n"}, "steps": [{"name": "Moving to an Element newCar_XPATH", "status": "passed", "start": 1744570814334, "stop": 1744570814417}, {"name": "Clicking on an Element findNewCars_XPATH", "status": "passed", "start": 1744570814417, "stop": 1744570814809}, {"name": "Clicking on an Element toyota_XPATH", "status": "passed", "start": 1744570814809, "stop": 1744570815535}], "start": 1744570814333, "stop": 1744570816409}], "attachments": [{"name": "log", "source": "b968136e-2d2c-4645-a9ad-07ecdcea5a42-attachment.txt", "type": "text/plain"}, {"name": "stdout", "source": "8106f99b-3499-4c8b-9e64-2d7f3252e438-attachment.txt", "type": "text/plain"}], "parameters": [{"name": "browser", "value": "'chrome'"}, {"name": "carBrand", "value": "'Toyota'"}, {"name": "carTitle", "value": "'Toyota Carss'"}], "start": 1744570814333, "stop": 1744570816411, "uuid": "9dcd384c-5466-4ad7-adc3-161f18c6ad6b", "historyId": "c99b7dd60339a20017d63a63cf6f6074", "testCaseId": "2560f4e643a62e0d79fc9aff01dbe467", "fullName": "test_cases.car_model_test.Test_CarWale#test_select_cars", "labels": [{"name": "feature", "value": "Select Cars Test"}, {"name": "severity", "value": "critical"}, {"name": "tag", "value": "@pytest.mark.usefixtures('log_on_failure', 'page')"}, {"name": "parentSuite", "value": "test_cases"}, {"name": "suite", "value": "car_model_test"}, {"name": "subSuite", "value": "Test_CarWale"}, {"name": "host", "value": "MacBookPro.lan"}, {"name": "thread", "value": "13739-MainThread"}, {"name": "framework", "value": "pytest"}, {"name": "language", "value": "cpython3"}, {"name": "package", "value": "test_cases.car_model_test"}]}